<?xml version="1.0" encoding="UTF-8"?>
<!-- Generated by org.testng.reporters.JUnitReportReporter -->
<testsuite hostname="Lenovo-PC" failures="0" tests="1" name="com.qa.testcases.SignInPageTest" time="21.604" errors="0" timestamp="11 Jun 2019 07:30:37 GMT" skipped="0">
  <testcase classname="com.qa.testcases.SignInPageTest" name="verifysigninTitleTest" time="21.604"/>
</testsuite> <!-- com.qa.testcases.SignInPageTest -->
