<?xml version="1.0" encoding="UTF-8"?>
<!-- Generated by org.testng.reporters.JUnitReportReporter -->
<testsuite hostname="Lenovo-PC" failures="0" tests="1" name="com.qa.testcases.HomePageTest" time="13.165" errors="0" timestamp="11 Jun 2019 07:18:50 GMT" skipped="0">
  <testcase classname="com.qa.testcases.HomePageTest" name="homePageTitleTest" time="13.165"/>
</testsuite> <!-- com.qa.testcases.HomePageTest -->
