<?xml version="1.0" encoding="UTF-8"?>
<!-- Generated by org.testng.reporters.JUnitReportReporter -->
<testsuite hostname="Lenovo-PC" failures="0" tests="1" name="com.qa.testcases.WomenPageTest" time="19.763" errors="0" timestamp="11 Jun 2019 07:30:37 GMT" skipped="0">
  <testcase classname="com.qa.testcases.WomenPageTest" name="verifyWomenlabe" time="19.763"/>
</testsuite> <!-- com.qa.testcases.WomenPageTest -->
